{"/Users/liam.blackburn/Documents/Code/TDD-ReCap/static/js/script.js": {"path": "/Users/liam.blackburn/Documents/Code/TDD-ReCap/static/js/script.js", "statementMap": {"0": {"start": {"line": 1, "column": 25}, "end": {"line": 1, "column": 63}}, "1": {"start": {"line": 2, "column": 25}, "end": {"line": 2, "column": 63}}, "2": {"start": {"line": 3, "column": 17}, "end": {"line": 3, "column": 53}}, "3": {"start": {"line": 4, "column": 17}, "end": {"line": 4, "column": 53}}, "4": {"start": {"line": 5, "column": 18}, "end": {"line": 5, "column": 55}}, "5": {"start": {"line": 6, "column": 18}, "end": {"line": 6, "column": 59}}, "6": {"start": {"line": 7, "column": 18}, "end": {"line": 7, "column": 55}}, "7": {"start": {"line": 8, "column": 17}, "end": {"line": 8, "column": 53}}, "8": {"start": {"line": 10, "column": 28}, "end": {"line": 22, "column": 1}}, "9": {"start": {"line": 11, "column": 4}, "end": {"line": 11, "column": 53}}, "10": {"start": {"line": 11, "column": 43}, "end": {"line": 11, "column": 53}}, "11": {"start": {"line": 12, "column": 4}, "end": {"line": 21, "column": 6}}, "12": {"start": {"line": 13, "column": 33}, "end": {"line": 19, "column": 9}}, "13": {"start": {"line": 20, "column": 8}, "end": {"line": 20, "column": 38}}, "14": {"start": {"line": 24, "column": 18}, "end": {"line": 24, "column": 25}}, "15": {"start": {"line": 26, "column": 22}, "end": {"line": 28, "column": 1}}, "16": {"start": {"line": 27, "column": 4}, "end": {"line": 27, "column": 40}}, "17": {"start": {"line": 30, "column": 28}, "end": {"line": 75, "column": 1}}, "18": {"start": {"line": 31, "column": 21}, "end": {"line": 31, "column": 42}}, "19": {"start": {"line": 32, "column": 25}, "end": {"line": 32, "column": 47}}, "20": {"start": {"line": 33, "column": 19}, "end": {"line": 33, "column": 44}}, "21": {"start": {"line": 34, "column": 17}, "end": {"line": 34, "column": 38}}, "22": {"start": {"line": 35, "column": 24}, "end": {"line": 35, "column": 26}}, "23": {"start": {"line": 36, "column": 22}, "end": {"line": 36, "column": 67}}, "24": {"start": {"line": 38, "column": 4}, "end": {"line": 40, "column": 6}}, "25": {"start": {"line": 39, "column": 8}, "end": {"line": 39, "column": 94}}, "26": {"start": {"line": 43, "column": 4}, "end": {"line": 73, "column": 6}}, "27": {"start": {"line": 44, "column": 25}, "end": {"line": 44, "column": 34}}, "28": {"start": {"line": 45, "column": 23}, "end": {"line": 45, "column": 30}}, "29": {"start": {"line": 47, "column": 29}, "end": {"line": 54, "column": 18}}, "30": {"start": {"line": 56, "column": 30}, "end": {"line": 58, "column": 18}}, "31": {"start": {"line": 60, "column": 8}, "end": {"line": 72, "column": 9}}, "32": {"start": {"line": 74, "column": 4}, "end": {"line": 74, "column": 40}}, "33": {"start": {"line": 77, "column": 29}, "end": {"line": 107, "column": 1}}, "34": {"start": {"line": 78, "column": 21}, "end": {"line": 78, "column": 48}}, "35": {"start": {"line": 79, "column": 17}, "end": {"line": 79, "column": 38}}, "36": {"start": {"line": 81, "column": 4}, "end": {"line": 81, "column": 80}}, "37": {"start": {"line": 81, "column": 60}, "end": {"line": 81, "column": 79}}, "38": {"start": {"line": 83, "column": 4}, "end": {"line": 106, "column": 6}}, "39": {"start": {"line": 84, "column": 31}, "end": {"line": 84, "column": 91}}, "40": {"start": {"line": 86, "column": 8}, "end": {"line": 86, "column": 36}}, "41": {"start": {"line": 86, "column": 29}, "end": {"line": 86, "column": 36}}, "42": {"start": {"line": 88, "column": 27}, "end": {"line": 88, "column": 82}}, "43": {"start": {"line": 89, "column": 26}, "end": {"line": 89, "column": 65}}, "44": {"start": {"line": 91, "column": 35}, "end": {"line": 91, "column": 135}}, "45": {"start": {"line": 93, "column": 25}, "end": {"line": 103, "column": 9}}, "46": {"start": {"line": 105, "column": 8}, "end": {"line": 105, "column": 44}}, "47": {"start": {"line": 111, "column": 0}, "end": {"line": 129, "column": 3}}, "48": {"start": {"line": 112, "column": 17}, "end": {"line": 112, "column": 53}}, "49": {"start": {"line": 113, "column": 4}, "end": {"line": 113, "column": 22}}, "50": {"start": {"line": 113, "column": 15}, "end": {"line": 113, "column": 22}}, "51": {"start": {"line": 114, "column": 4}, "end": {"line": 114, "column": 54}}, "52": {"start": {"line": 114, "column": 47}, "end": {"line": 114, "column": 54}}, "53": {"start": {"line": 115, "column": 19}, "end": {"line": 115, "column": 38}}, "54": {"start": {"line": 116, "column": 27}, "end": {"line": 116, "column": 82}}, "55": {"start": {"line": 118, "column": 32}, "end": {"line": 118, "column": 34}}, "56": {"start": {"line": 120, "column": 4}, "end": {"line": 124, "column": 10}}, "57": {"start": {"line": 121, "column": 25}, "end": {"line": 121, "column": 53}}, "58": {"start": {"line": 122, "column": 25}, "end": {"line": 122, "column": 65}}, "59": {"start": {"line": 123, "column": 8}, "end": {"line": 123, "column": 42}}, "60": {"start": {"line": 125, "column": 4}, "end": {"line": 125, "column": 97}}, "61": {"start": {"line": 127, "column": 4}, "end": {"line": 127, "column": 77}}, "62": {"start": {"line": 128, "column": 4}, "end": {"line": 128, "column": 74}}, "63": {"start": {"line": 131, "column": 0}, "end": {"line": 131, "column": 87}}, "64": {"start": {"line": 131, "column": 50}, "end": {"line": 131, "column": 85}}, "65": {"start": {"line": 132, "column": 0}, "end": {"line": 132, "column": 87}}, "66": {"start": {"line": 132, "column": 50}, "end": {"line": 132, "column": 85}}, "67": {"start": {"line": 134, "column": 0}, "end": {"line": 158, "column": 2}}, "68": {"start": {"line": 135, "column": 4}, "end": {"line": 135, "column": 26}}, "69": {"start": {"line": 137, "column": 21}, "end": {"line": 137, "column": 63}}, "70": {"start": {"line": 139, "column": 4}, "end": {"line": 157, "column": 5}}, "71": {"start": {"line": 140, "column": 25}, "end": {"line": 146, "column": 10}}, "72": {"start": {"line": 147, "column": 8}, "end": {"line": 154, "column": 9}}, "73": {"start": {"line": 148, "column": 12}, "end": {"line": 148, "column": 28}}, "74": {"start": {"line": 149, "column": 12}, "end": {"line": 149, "column": 44}}, "75": {"start": {"line": 150, "column": 12}, "end": {"line": 150, "column": 50}}, "76": {"start": {"line": 152, "column": 30}, "end": {"line": 152, "column": 51}}, "77": {"start": {"line": 153, "column": 12}, "end": {"line": 153, "column": 67}}, "78": {"start": {"line": 156, "column": 8}, "end": {"line": 156, "column": 45}}, "79": {"start": {"line": 160, "column": 0}, "end": {"line": 190, "column": 2}}, "80": {"start": {"line": 161, "column": 4}, "end": {"line": 161, "column": 26}}, "81": {"start": {"line": 162, "column": 21}, "end": {"line": 162, "column": 63}}, "82": {"start": {"line": 163, "column": 28}, "end": {"line": 163, "column": 77}}, "83": {"start": {"line": 165, "column": 20}, "end": {"line": 168, "column": 5}}, "84": {"start": {"line": 170, "column": 4}, "end": {"line": 189, "column": 5}}, "85": {"start": {"line": 171, "column": 25}, "end": {"line": 177, "column": 10}}, "86": {"start": {"line": 178, "column": 8}, "end": {"line": 186, "column": 9}}, "87": {"start": {"line": 179, "column": 12}, "end": {"line": 179, "column": 28}}, "88": {"start": {"line": 180, "column": 12}, "end": {"line": 180, "column": 44}}, "89": {"start": {"line": 181, "column": 12}, "end": {"line": 181, "column": 50}}, "90": {"start": {"line": 182, "column": 12}, "end": {"line": 182, "column": 51}}, "91": {"start": {"line": 184, "column": 30}, "end": {"line": 184, "column": 51}}, "92": {"start": {"line": 185, "column": 12}, "end": {"line": 185, "column": 67}}, "93": {"start": {"line": 188, "column": 8}, "end": {"line": 188, "column": 45}}, "94": {"start": {"line": 192, "column": 0}, "end": {"line": 260, "column": 3}}, "95": {"start": {"line": 193, "column": 19}, "end": {"line": 193, "column": 31}}, "96": {"start": {"line": 195, "column": 4}, "end": {"line": 210, "column": 5}}, "97": {"start": {"line": 196, "column": 23}, "end": {"line": 196, "column": 44}}, "98": {"start": {"line": 198, "column": 8}, "end": {"line": 209, "column": 9}}, "99": {"start": {"line": 199, "column": 29}, "end": {"line": 199, "column": 82}}, "100": {"start": {"line": 200, "column": 12}, "end": {"line": 206, "column": 13}}, "101": {"start": {"line": 201, "column": 16}, "end": {"line": 201, "column": 55}}, "102": {"start": {"line": 202, "column": 16}, "end": {"line": 202, "column": 56}}, "103": {"start": {"line": 204, "column": 34}, "end": {"line": 204, "column": 55}}, "104": {"start": {"line": 205, "column": 16}, "end": {"line": 205, "column": 71}}, "105": {"start": {"line": 208, "column": 12}, "end": {"line": 208, "column": 49}}, "106": {"start": {"line": 212, "column": 4}, "end": {"line": 244, "column": 5}}, "107": {"start": {"line": 213, "column": 23}, "end": {"line": 213, "column": 44}}, "108": {"start": {"line": 214, "column": 29}, "end": {"line": 214, "column": 79}}, "109": {"start": {"line": 215, "column": 23}, "end": {"line": 215, "column": 42}}, "110": {"start": {"line": 217, "column": 8}, "end": {"line": 220, "column": 9}}, "111": {"start": {"line": 218, "column": 12}, "end": {"line": 218, "column": 48}}, "112": {"start": {"line": 219, "column": 12}, "end": {"line": 219, "column": 19}}, "113": {"start": {"line": 222, "column": 24}, "end": {"line": 225, "column": 9}}, "114": {"start": {"line": 227, "column": 8}, "end": {"line": 243, "column": 9}}, "115": {"start": {"line": 228, "column": 29}, "end": {"line": 234, "column": 14}}, "116": {"start": {"line": 235, "column": 12}, "end": {"line": 240, "column": 13}}, "117": {"start": {"line": 236, "column": 16}, "end": {"line": 236, "column": 55}}, "118": {"start": {"line": 238, "column": 34}, "end": {"line": 238, "column": 55}}, "119": {"start": {"line": 239, "column": 16}, "end": {"line": 239, "column": 71}}, "120": {"start": {"line": 242, "column": 12}, "end": {"line": 242, "column": 49}}, "121": {"start": {"line": 246, "column": 4}, "end": {"line": 259, "column": 5}}, "122": {"start": {"line": 247, "column": 23}, "end": {"line": 247, "column": 40}}, "123": {"start": {"line": 248, "column": 8}, "end": {"line": 258, "column": 9}}, "124": {"start": {"line": 249, "column": 29}, "end": {"line": 249, "column": 88}}, "125": {"start": {"line": 250, "column": 12}, "end": {"line": 255, "column": 13}}, "126": {"start": {"line": 251, "column": 16}, "end": {"line": 251, "column": 55}}, "127": {"start": {"line": 253, "column": 34}, "end": {"line": 253, "column": 55}}, "128": {"start": {"line": 254, "column": 16}, "end": {"line": 254, "column": 71}}, "129": {"start": {"line": 257, "column": 12}, "end": {"line": 257, "column": 49}}, "130": {"start": {"line": 262, "column": 0}, "end": {"line": 286, "column": 2}}, "131": {"start": {"line": 263, "column": 4}, "end": {"line": 263, "column": 66}}, "132": {"start": {"line": 263, "column": 59}, "end": {"line": 263, "column": 66}}, "133": {"start": {"line": 265, "column": 21}, "end": {"line": 265, "column": 33}}, "134": {"start": {"line": 266, "column": 22}, "end": {"line": 266, "column": 38}}, "135": {"start": {"line": 267, "column": 21}, "end": {"line": 267, "column": 44}}, "136": {"start": {"line": 269, "column": 4}, "end": {"line": 285, "column": 5}}, "137": {"start": {"line": 270, "column": 25}, "end": {"line": 276, "column": 10}}, "138": {"start": {"line": 277, "column": 8}, "end": {"line": 281, "column": 9}}, "139": {"start": {"line": 278, "column": 12}, "end": {"line": 278, "column": 42}}, "140": {"start": {"line": 279, "column": 30}, "end": {"line": 279, "column": 51}}, "141": {"start": {"line": 280, "column": 12}, "end": {"line": 280, "column": 67}}, "142": {"start": {"line": 283, "column": 8}, "end": {"line": 283, "column": 38}}, "143": {"start": {"line": 284, "column": 8}, "end": {"line": 284, "column": 45}}, "144": {"start": {"line": 288, "column": 28}, "end": {"line": 303, "column": 1}}, "145": {"start": {"line": 289, "column": 4}, "end": {"line": 289, "column": 33}}, "146": {"start": {"line": 290, "column": 4}, "end": {"line": 290, "column": 22}}, "147": {"start": {"line": 291, "column": 4}, "end": {"line": 291, "column": 19}}, "148": {"start": {"line": 293, "column": 4}, "end": {"line": 299, "column": 5}}, "149": {"start": {"line": 294, "column": 8}, "end": {"line": 294, "column": 45}}, "150": {"start": {"line": 295, "column": 8}, "end": {"line": 295, "column": 44}}, "151": {"start": {"line": 298, "column": 8}, "end": {"line": 298, "column": 42}}, "152": {"start": {"line": 301, "column": 4}, "end": {"line": 301, "column": 35}}, "153": {"start": {"line": 302, "column": 4}, "end": {"line": 302, "column": 36}}, "154": {"start": {"line": 305, "column": 0}, "end": {"line": 309, "column": 3}}, "155": {"start": {"line": 306, "column": 21}, "end": {"line": 306, "column": 45}}, "156": {"start": {"line": 307, "column": 17}, "end": {"line": 307, "column": 38}}, "157": {"start": {"line": 308, "column": 4}, "end": {"line": 308, "column": 41}}}, "fnMap": {"0": {"name": "(anonymous_0)", "decl": {"start": {"line": 10, "column": 28}, "end": {"line": 10, "column": 29}}, "loc": {"start": {"line": 10, "column": 37}, "end": {"line": 22, "column": 1}}, "line": 10}, "1": {"name": "(anonymous_1)", "decl": {"start": {"line": 12, "column": 43}, "end": {"line": 12, "column": 44}}, "loc": {"start": {"line": 12, "column": 54}, "end": {"line": 21, "column": 5}}, "line": 12}, "2": {"name": "(anonymous_2)", "decl": {"start": {"line": 26, "column": 22}, "end": {"line": 26, "column": 23}}, "loc": {"start": {"line": 26, "column": 28}, "end": {"line": 28, "column": 1}}, "line": 26}, "3": {"name": "(anonymous_3)", "decl": {"start": {"line": 30, "column": 28}, "end": {"line": 30, "column": 29}}, "loc": {"start": {"line": 30, "column": 44}, "end": {"line": 75, "column": 1}}, "line": 30}, "4": {"name": "(anonymous_4)", "decl": {"start": {"line": 38, "column": 19}, "end": {"line": 38, "column": 20}}, "loc": {"start": {"line": 38, "column": 27}, "end": {"line": 40, "column": 5}}, "line": 38}, "5": {"name": "(anonymous_5)", "decl": {"start": {"line": 43, "column": 17}, "end": {"line": 43, "column": 18}}, "loc": {"start": {"line": 43, "column": 27}, "end": {"line": 73, "column": 5}}, "line": 43}, "6": {"name": "(anonymous_6)", "decl": {"start": {"line": 77, "column": 29}, "end": {"line": 77, "column": 30}}, "loc": {"start": {"line": 77, "column": 45}, "end": {"line": 107, "column": 1}}, "line": 77}, "7": {"name": "(anonymous_7)", "decl": {"start": {"line": 81, "column": 52}, "end": {"line": 81, "column": 53}}, "loc": {"start": {"line": 81, "column": 60}, "end": {"line": 81, "column": 79}}, "line": 81}, "8": {"name": "(anonymous_8)", "decl": {"start": {"line": 83, "column": 17}, "end": {"line": 83, "column": 18}}, "loc": {"start": {"line": 83, "column": 31}, "end": {"line": 106, "column": 5}}, "line": 83}, "9": {"name": "(anonymous_9)", "decl": {"start": {"line": 111, "column": 64}, "end": {"line": 111, "column": 65}}, "loc": {"start": {"line": 111, "column": 75}, "end": {"line": 129, "column": 1}}, "line": 111}, "10": {"name": "(anonymous_10)", "decl": {"start": {"line": 120, "column": 27}, "end": {"line": 120, "column": 28}}, "loc": {"start": {"line": 120, "column": 35}, "end": {"line": 124, "column": 9}}, "line": 120}, "11": {"name": "(anonymous_11)", "decl": {"start": {"line": 131, "column": 44}, "end": {"line": 131, "column": 45}}, "loc": {"start": {"line": 131, "column": 50}, "end": {"line": 131, "column": 85}}, "line": 131}, "12": {"name": "(anonymous_12)", "decl": {"start": {"line": 132, "column": 44}, "end": {"line": 132, "column": 45}}, "loc": {"start": {"line": 132, "column": 50}, "end": {"line": 132, "column": 85}}, "line": 132}, "13": {"name": "(anonymous_13)", "decl": {"start": {"line": 134, "column": 37}, "end": {"line": 134, "column": 38}}, "loc": {"start": {"line": 134, "column": 54}, "end": {"line": 158, "column": 1}}, "line": 134}, "14": {"name": "(anonymous_14)", "decl": {"start": {"line": 160, "column": 37}, "end": {"line": 160, "column": 38}}, "loc": {"start": {"line": 160, "column": 54}, "end": {"line": 190, "column": 1}}, "line": 160}, "15": {"name": "(anonymous_15)", "decl": {"start": {"line": 192, "column": 37}, "end": {"line": 192, "column": 38}}, "loc": {"start": {"line": 192, "column": 54}, "end": {"line": 260, "column": 1}}, "line": 192}, "16": {"name": "(anonymous_16)", "decl": {"start": {"line": 262, "column": 38}, "end": {"line": 262, "column": 39}}, "loc": {"start": {"line": 262, "column": 55}, "end": {"line": 286, "column": 1}}, "line": 262}, "17": {"name": "(anonymous_17)", "decl": {"start": {"line": 288, "column": 28}, "end": {"line": 288, "column": 29}}, "loc": {"start": {"line": 288, "column": 44}, "end": {"line": 303, "column": 1}}, "line": 288}, "18": {"name": "(anonymous_18)", "decl": {"start": {"line": 305, "column": 46}, "end": {"line": 305, "column": 47}}, "loc": {"start": {"line": 305, "column": 58}, "end": {"line": 309, "column": 1}}, "line": 305}}, "branchMap": {"0": {"loc": {"start": {"line": 11, "column": 4}, "end": {"line": 11, "column": 53}}, "type": "if", "locations": [{"start": {"line": 11, "column": 4}, "end": {"line": 11, "column": 53}}, {"start": {"line": null, "column": null}, "end": {"line": null, "column": null}}], "line": 11}, "1": {"loc": {"start": {"line": 11, "column": 8}, "end": {"line": 11, "column": 41}}, "type": "binary-expr", "locations": [{"start": {"line": 11, "column": 8}, "end": {"line": 11, "column": 20}}, {"start": {"line": 11, "column": 24}, "end": {"line": 11, "column": 41}}], "line": 11}, "2": {"loc": {"start": {"line": 47, "column": 29}, "end": {"line": 54, "column": 18}}, "type": "cond-expr", "locations": [{"start": {"line": 48, "column": 12}, "end": {"line": 54, "column": 13}}, {"start": {"line": 54, "column": 16}, "end": {"line": 54, "column": 18}}], "line": 47}, "3": {"loc": {"start": {"line": 56, "column": 30}, "end": {"line": 58, "column": 18}}, "type": "cond-expr", "locations": [{"start": {"line": 57, "column": 12}, "end": {"line": 58, "column": 13}}, {"start": {"line": 58, "column": 16}, "end": {"line": 58, "column": 18}}], "line": 56}, "4": {"loc": {"start": {"line": 86, "column": 8}, "end": {"line": 86, "column": 36}}, "type": "if", "locations": [{"start": {"line": 86, "column": 8}, "end": {"line": 86, "column": 36}}, {"start": {"line": null, "column": null}, "end": {"line": null, "column": null}}], "line": 86}, "5": {"loc": {"start": {"line": 88, "column": 27}, "end": {"line": 88, "column": 82}}, "type": "cond-expr", "locations": [{"start": {"line": 88, "column": 67}, "end": {"line": 88, "column": 69}}, {"start": {"line": 88, "column": 72}, "end": {"line": 88, "column": 82}}], "line": 88}, "6": {"loc": {"start": {"line": 88, "column": 28}, "end": {"line": 88, "column": 63}}, "type": "binary-expr", "locations": [{"start": {"line": 88, "column": 28}, "end": {"line": 88, "column": 43}}, {"start": {"line": 88, "column": 47}, "end": {"line": 88, "column": 63}}], "line": 88}, "7": {"loc": {"start": {"line": 89, "column": 26}, "end": {"line": 89, "column": 65}}, "type": "cond-expr", "locations": [{"start": {"line": 89, "column": 51}, "end": {"line": 89, "column": 60}}, {"start": {"line": 89, "column": 63}, "end": {"line": 89, "column": 65}}], "line": 89}, "8": {"loc": {"start": {"line": 91, "column": 35}, "end": {"line": 91, "column": 135}}, "type": "cond-expr", "locations": [{"start": {"line": 91, "column": 56}, "end": {"line": 91, "column": 130}}, {"start": {"line": 91, "column": 133}, "end": {"line": 91, "column": 135}}], "line": 91}, "9": {"loc": {"start": {"line": 113, "column": 4}, "end": {"line": 113, "column": 22}}, "type": "if", "locations": [{"start": {"line": 113, "column": 4}, "end": {"line": 113, "column": 22}}, {"start": {"line": null, "column": null}, "end": {"line": null, "column": null}}], "line": 113}, "10": {"loc": {"start": {"line": 114, "column": 4}, "end": {"line": 114, "column": 54}}, "type": "if", "locations": [{"start": {"line": 114, "column": 4}, "end": {"line": 114, "column": 54}}, {"start": {"line": null, "column": null}, "end": {"line": null, "column": null}}], "line": 114}, "11": {"loc": {"start": {"line": 147, "column": 8}, "end": {"line": 154, "column": 9}}, "type": "if", "locations": [{"start": {"line": 147, "column": 8}, "end": {"line": 154, "column": 9}}, {"start": {"line": 151, "column": 15}, "end": {"line": 154, "column": 9}}], "line": 147}, "12": {"loc": {"start": {"line": 153, "column": 18}, "end": {"line": 153, "column": 65}}, "type": "binary-expr", "locations": [{"start": {"line": 153, "column": 18}, "end": {"line": 153, "column": 33}}, {"start": {"line": 153, "column": 37}, "end": {"line": 153, "column": 65}}], "line": 153}, "13": {"loc": {"start": {"line": 178, "column": 8}, "end": {"line": 186, "column": 9}}, "type": "if", "locations": [{"start": {"line": 178, "column": 8}, "end": {"line": 186, "column": 9}}, {"start": {"line": 183, "column": 15}, "end": {"line": 186, "column": 9}}], "line": 178}, "14": {"loc": {"start": {"line": 185, "column": 18}, "end": {"line": 185, "column": 65}}, "type": "binary-expr", "locations": [{"start": {"line": 185, "column": 18}, "end": {"line": 185, "column": 33}}, {"start": {"line": 185, "column": 37}, "end": {"line": 185, "column": 65}}], "line": 185}, "15": {"loc": {"start": {"line": 195, "column": 4}, "end": {"line": 210, "column": 5}}, "type": "if", "locations": [{"start": {"line": 195, "column": 4}, "end": {"line": 210, "column": 5}}, {"start": {"line": null, "column": null}, "end": {"line": null, "column": null}}], "line": 195}, "16": {"loc": {"start": {"line": 200, "column": 12}, "end": {"line": 206, "column": 13}}, "type": "if", "locations": [{"start": {"line": 200, "column": 12}, "end": {"line": 206, "column": 13}}, {"start": {"line": 203, "column": 19}, "end": {"line": 206, "column": 13}}], "line": 200}, "17": {"loc": {"start": {"line": 205, "column": 22}, "end": {"line": 205, "column": 69}}, "type": "binary-expr", "locations": [{"start": {"line": 205, "column": 22}, "end": {"line": 205, "column": 37}}, {"start": {"line": 205, "column": 41}, "end": {"line": 205, "column": 69}}], "line": 205}, "18": {"loc": {"start": {"line": 212, "column": 4}, "end": {"line": 244, "column": 5}}, "type": "if", "locations": [{"start": {"line": 212, "column": 4}, "end": {"line": 244, "column": 5}}, {"start": {"line": null, "column": null}, "end": {"line": null, "column": null}}], "line": 212}, "19": {"loc": {"start": {"line": 217, "column": 8}, "end": {"line": 220, "column": 9}}, "type": "if", "locations": [{"start": {"line": 217, "column": 8}, "end": {"line": 220, "column": 9}}, {"start": {"line": null, "column": null}, "end": {"line": null, "column": null}}], "line": 217}, "20": {"loc": {"start": {"line": 235, "column": 12}, "end": {"line": 240, "column": 13}}, "type": "if", "locations": [{"start": {"line": 235, "column": 12}, "end": {"line": 240, "column": 13}}, {"start": {"line": 237, "column": 19}, "end": {"line": 240, "column": 13}}], "line": 235}, "21": {"loc": {"start": {"line": 239, "column": 22}, "end": {"line": 239, "column": 69}}, "type": "binary-expr", "locations": [{"start": {"line": 239, "column": 22}, "end": {"line": 239, "column": 37}}, {"start": {"line": 239, "column": 41}, "end": {"line": 239, "column": 69}}], "line": 239}, "22": {"loc": {"start": {"line": 246, "column": 4}, "end": {"line": 259, "column": 5}}, "type": "if", "locations": [{"start": {"line": 246, "column": 4}, "end": {"line": 259, "column": 5}}, {"start": {"line": null, "column": null}, "end": {"line": null, "column": null}}], "line": 246}, "23": {"loc": {"start": {"line": 250, "column": 12}, "end": {"line": 255, "column": 13}}, "type": "if", "locations": [{"start": {"line": 250, "column": 12}, "end": {"line": 255, "column": 13}}, {"start": {"line": 252, "column": 19}, "end": {"line": 255, "column": 13}}], "line": 250}, "24": {"loc": {"start": {"line": 254, "column": 22}, "end": {"line": 254, "column": 69}}, "type": "binary-expr", "locations": [{"start": {"line": 254, "column": 22}, "end": {"line": 254, "column": 37}}, {"start": {"line": 254, "column": 41}, "end": {"line": 254, "column": 69}}], "line": 254}, "25": {"loc": {"start": {"line": 263, "column": 4}, "end": {"line": 263, "column": 66}}, "type": "if", "locations": [{"start": {"line": 263, "column": 4}, "end": {"line": 263, "column": 66}}, {"start": {"line": null, "column": null}, "end": {"line": null, "column": null}}], "line": 263}, "26": {"loc": {"start": {"line": 277, "column": 8}, "end": {"line": 281, "column": 9}}, "type": "if", "locations": [{"start": {"line": 277, "column": 8}, "end": {"line": 281, "column": 9}}, {"start": {"line": null, "column": null}, "end": {"line": null, "column": null}}], "line": 277}, "27": {"loc": {"start": {"line": 280, "column": 18}, "end": {"line": 280, "column": 65}}, "type": "binary-expr", "locations": [{"start": {"line": 280, "column": 18}, "end": {"line": 280, "column": 33}}, {"start": {"line": 280, "column": 37}, "end": {"line": 280, "column": 65}}], "line": 280}, "28": {"loc": {"start": {"line": 293, "column": 4}, "end": {"line": 299, "column": 5}}, "type": "if", "locations": [{"start": {"line": 293, "column": 4}, "end": {"line": 299, "column": 5}}, {"start": {"line": 297, "column": 11}, "end": {"line": 299, "column": 5}}], "line": 293}}, "s": {"0": 1, "1": 1, "2": 1, "3": 1, "4": 1, "5": 1, "6": 1, "7": 1, "8": 1, "9": 0, "10": 0, "11": 0, "12": 0, "13": 0, "14": 1, "15": 1, "16": 0, "17": 1, "18": 0, "19": 0, "20": 0, "21": 0, "22": 0, "23": 0, "24": 0, "25": 0, "26": 0, "27": 0, "28": 0, "29": 0, "30": 0, "31": 0, "32": 0, "33": 1, "34": 0, "35": 0, "36": 0, "37": 0, "38": 0, "39": 0, "40": 0, "41": 0, "42": 0, "43": 0, "44": 0, "45": 0, "46": 0, "47": 1, "48": 0, "49": 0, "50": 0, "51": 0, "52": 0, "53": 0, "54": 0, "55": 0, "56": 0, "57": 0, "58": 0, "59": 0, "60": 0, "61": 0, "62": 0, "63": 1, "64": 0, "65": 1, "66": 2, "67": 1, "68": 0, "69": 0, "70": 0, "71": 0, "72": 0, "73": 0, "74": 0, "75": 0, "76": 0, "77": 0, "78": 0, "79": 1, "80": 0, "81": 0, "82": 0, "83": 0, "84": 0, "85": 0, "86": 0, "87": 0, "88": 0, "89": 0, "90": 0, "91": 0, "92": 0, "93": 0, "94": 1, "95": 0, "96": 0, "97": 0, "98": 0, "99": 0, "100": 0, "101": 0, "102": 0, "103": 0, "104": 0, "105": 0, "106": 0, "107": 0, "108": 0, "109": 0, "110": 0, "111": 0, "112": 0, "113": 0, "114": 0, "115": 0, "116": 0, "117": 0, "118": 0, "119": 0, "120": 0, "121": 0, "122": 0, "123": 0, "124": 0, "125": 0, "126": 0, "127": 0, "128": 0, "129": 0, "130": 1, "131": 0, "132": 0, "133": 0, "134": 0, "135": 0, "136": 0, "137": 0, "138": 0, "139": 0, "140": 0, "141": 0, "142": 0, "143": 0, "144": 1, "145": 0, "146": 0, "147": 0, "148": 0, "149": 0, "150": 0, "151": 0, "152": 0, "153": 0, "154": 1, "155": 1, "156": 0, "157": 0}, "f": {"0": 0, "1": 0, "2": 0, "3": 0, "4": 0, "5": 0, "6": 0, "7": 0, "8": 0, "9": 0, "10": 0, "11": 0, "12": 2, "13": 0, "14": 0, "15": 0, "16": 0, "17": 0, "18": 1}, "b": {"0": [0, 0], "1": [0, 0], "2": [0, 0], "3": [0, 0], "4": [0, 0], "5": [0, 0], "6": [0, 0], "7": [0, 0], "8": [0, 0], "9": [0, 0], "10": [0, 0], "11": [0, 0], "12": [0, 0], "13": [0, 0], "14": [0, 0], "15": [0, 0], "16": [0, 0], "17": [0, 0], "18": [0, 0], "19": [0, 0], "20": [0, 0], "21": [0, 0], "22": [0, 0], "23": [0, 0], "24": [0, 0], "25": [0, 0], "26": [0, 0], "27": [0, 0], "28": [0, 0]}, "_coverageSchema": "1a1c01bbd47fc00a2c39e90264f33305004495a9", "hash": "5d6eed88698097a4b8900f5c08b15274cd1115d6"}}