{"/Users/liam.blackburn/Documents/Code/TDD-ReCap/static/js/login.js": {"path": "/Users/liam.blackburn/Documents/Code/TDD-ReCap/static/js/login.js", "statementMap": {"0": {"start": {"line": 1, "column": 18}, "end": {"line": 1, "column": 55}}, "1": {"start": {"line": 2, "column": 19}, "end": {"line": 2, "column": 57}}, "2": {"start": {"line": 4, "column": 0}, "end": {"line": 35, "column": 2}}, "3": {"start": {"line": 5, "column": 4}, "end": {"line": 8, "column": 6}}, "4": {"start": {"line": 6, "column": 8}, "end": {"line": 6, "column": 52}}, "5": {"start": {"line": 7, "column": 8}, "end": {"line": 7, "column": 51}}, "6": {"start": {"line": 10, "column": 4}, "end": {"line": 34, "column": 6}}, "7": {"start": {"line": 11, "column": 8}, "end": {"line": 11, "column": 31}}, "8": {"start": {"line": 12, "column": 30}, "end": {"line": 12, "column": 71}}, "9": {"start": {"line": 13, "column": 29}, "end": {"line": 13, "column": 70}}, "10": {"start": {"line": 15, "column": 25}, "end": {"line": 24, "column": 10}}, "11": {"start": {"line": 26, "column": 8}, "end": {"line": 32, "column": 9}}, "12": {"start": {"line": 27, "column": 12}, "end": {"line": 27, "column": 55}}, "13": {"start": {"line": 30, "column": 29}, "end": {"line": 30, "column": 50}}, "14": {"start": {"line": 31, "column": 11}, "end": {"line": 31, "column": 53}}}, "fnMap": {"0": {"name": "(anonymous_0)", "decl": {"start": {"line": 4, "column": 47}, "end": {"line": 4, "column": 48}}, "loc": {"start": {"line": 4, "column": 53}, "end": {"line": 35, "column": 1}}, "line": 4}, "1": {"name": "(anonymous_1)", "decl": {"start": {"line": 5, "column": 42}, "end": {"line": 5, "column": 43}}, "loc": {"start": {"line": 5, "column": 53}, "end": {"line": 8, "column": 5}}, "line": 5}, "2": {"name": "(anonymous_2)", "decl": {"start": {"line": 10, "column": 42}, "end": {"line": 10, "column": 43}}, "loc": {"start": {"line": 10, "column": 59}, "end": {"line": 34, "column": 5}}, "line": 10}}, "branchMap": {"0": {"loc": {"start": {"line": 26, "column": 8}, "end": {"line": 32, "column": 9}}, "type": "if", "locations": [{"start": {"line": 26, "column": 8}, "end": {"line": 32, "column": 9}}, {"start": {"line": 29, "column": 13}, "end": {"line": 32, "column": 9}}], "line": 26}, "1": {"loc": {"start": {"line": 31, "column": 17}, "end": {"line": 31, "column": 51}}, "type": "binary-expr", "locations": [{"start": {"line": 31, "column": 17}, "end": {"line": 31, "column": 32}}, {"start": {"line": 31, "column": 36}, "end": {"line": 31, "column": 51}}], "line": 31}}, "s": {"0": 1, "1": 1, "2": 1, "3": 1, "4": 0, "5": 0, "6": 1, "7": 0, "8": 0, "9": 0, "10": 0, "11": 0, "12": 0, "13": 0, "14": 0}, "f": {"0": 1, "1": 0, "2": 0}, "b": {"0": [0, 0], "1": [0, 0]}, "_coverageSchema": "1a1c01bbd47fc00a2c39e90264f33305004495a9", "hash": "f8f482629931880545995b31ef4ce28a4518d498"}}